<?xml version="1.0" encoding="UTF-8"?>
<testsuite name="com.asagaoroot.ddd.DddApplicationTests" tests="2" skipped="0" failures="0" errors="0" timestamp="2024-12-29T05:50:20" hostname="mognoMac-Studio.local" time="0.062">
  <properties/>
  <testcase name="Normal pattern" classname="com.asagaoroot.ddd.DddApplicationTests" time="0.055"/>
  <testcase name="contextLoads()" classname="com.asagaoroot.ddd.DddApplicationTests" time="0.005"/>
  <system-out><![CDATA[14:50:18.961 [Test worker] INFO org.springframework.test.context.support.AnnotationConfigContextLoaderUtils -- Could not detect default configuration classes for test class [com.asagaoroot.ddd.DddApplicationTests]: DddApplicationTests does not declare any static, non-private, non-final, nested classes annotated with @Configuration.
14:50:19.016 [Test worker] INFO org.springframework.boot.test.context.SpringBootTestContextBootstrapper -- Found @SpringBootConfiguration com.asagaoroot.ddd.DddApplication for test class com.asagaoroot.ddd.DddApplicationTests

  .   ____          _            __ _ _
 /\\ / ___'_ __ _ _(_)_ __  __ _ \ \ \ \
( ( )\___ | '_ | '_| | '_ \/ _` | \ \ \ \
 \\/  ___)| |_)| | | | | || (_| |  ) ) ) )
  '  |____| .__|_| |_|_| |_\__, | / / / /
 =========|_|==============|___/=/_/_/_/

 :: Spring Boot ::                (v3.4.1)

2024-12-29T14:50:19.208+09:00  INFO 73820 --- [ddd] [    Test worker] com.asagaoroot.ddd.DddApplicationTests   : Starting DddApplicationTests using Java 23.0.1 with PID 73820 (started by mog in /Users/Shared/dev/ddd-n)
2024-12-29T14:50:19.209+09:00  INFO 73820 --- [ddd] [    Test worker] com.asagaoroot.ddd.DddApplicationTests   : No active profile set, falling back to 1 default profile: "default"
2024-12-29T14:50:19.978+09:00  INFO 73820 --- [ddd] [    Test worker] o.s.b.a.e.web.EndpointLinksResolver      : Exposing 1 endpoint beneath base path '/actuator'
2024-12-29T14:50:20.008+09:00  INFO 73820 --- [ddd] [    Test worker] com.asagaoroot.ddd.DddApplicationTests   : Started DddApplicationTests in 0.931 seconds (process running for 1.586)
2024-12-29T14:50:20.514+09:00  INFO 73820 --- [ddd] [    Test worker] o.s.mock.web.MockServletContext          : Initializing Spring TestDispatcherServlet ''
2024-12-29T14:50:20.514+09:00  INFO 73820 --- [ddd] [    Test worker] o.s.t.web.servlet.TestDispatcherServlet  : Initializing Servlet ''
2024-12-29T14:50:20.515+09:00  INFO 73820 --- [ddd] [    Test worker] o.s.t.web.servlet.TestDispatcherServlet  : Completed initialization in 0 ms
2024-12-29T14:50:20.556+09:00  INFO 73820 --- [ddd] [    Test worker] o.s.mock.web.MockServletContext          : Initializing Spring TestDispatcherServlet ''
2024-12-29T14:50:20.556+09:00  INFO 73820 --- [ddd] [    Test worker] o.s.t.web.servlet.TestDispatcherServlet  : Initializing Servlet ''
2024-12-29T14:50:20.556+09:00  INFO 73820 --- [ddd] [    Test worker] o.s.t.web.servlet.TestDispatcherServlet  : Completed initialization in 0 ms
]]></system-out>
  <system-err><![CDATA[Mockito is currently self-attaching to enable the inline-mock-maker. This will no longer work in future releases of the JDK. Please add Mockito as an agent to your build what is described in Mockito's documentation: https://javadoc.io/doc/org.mockito/mockito-core/latest/org/mockito/Mockito.html#0.3
WARNING: A Java agent has been loaded dynamically (/Users/mog/.gradle/caches/modules-2/files-2.1/net.bytebuddy/byte-buddy-agent/1.15.11/a38b16385e867f59a641330f0362ebe742788ed8/byte-buddy-agent-1.15.11.jar)
WARNING: If a serviceability tool is in use, please run with -XX:+EnableDynamicAgentLoading to hide this warning
WARNING: If a serviceability tool is not in use, please run with -Djdk.instrument.traceUsage for more information
WARNING: Dynamic loading of agents will be disallowed by default in a future release
]]></system-err>
</testsuite>
